0 info it worked if it ends with ok
1 verbose cli [ 'node', '/usr/local/bin/npm', 'start' ]
2 info using npm@3.9.5
3 info using node@v0.12.7
4 verbose run-script [ 'prestart', 'start', 'poststart' ]
5 info lifecycle test@0.0.0~prestart: test@0.0.0
6 silly lifecycle test@0.0.0~prestart: no script for prestart, continuing
7 info lifecycle test@0.0.0~start: test@0.0.0
8 verbose lifecycle test@0.0.0~start: unsafe-perm in lifecycle true
9 verbose lifecycle test@0.0.0~start: PATH: /usr/local/lib/node_modules/npm/bin/node-gyp-bin:/Users/sewise/Desktop/project/playWordBuilders/node_modules/.bin:/usr/local/bin:/usr/local/bin:/usr/local/sbin:~/bin:{/usr/local/bin:/usr/bin:/bin:/usr/sbin:/sbin:/usr/local/git/bin:/Applications/XAMPP/bin}:/Users/sewise/mongo/bin:/Library/Java/JavaVirtualMachines/jdk1.8.0_40.jdk/Contents/Home::/platform-tools:/tools:/Library/Java/JavaVirtualMachines/jdk1.8.0_40.jdk/Contents/Home:/Library/Java/JavaVirtualMachines/jdk1.8.0_40.jdk/Contents/Home/bin
10 verbose lifecycle test@0.0.0~start: CWD: /Users/sewise/Desktop/project/playWordBuilders
11 silly lifecycle test@0.0.0~start: Args: [ '-c', 'node ./bin/www' ]
12 silly lifecycle test@0.0.0~start: Returned: code: 1  signal: null
13 info lifecycle test@0.0.0~start: Failed to exec start script
14 verbose stack Error: test@0.0.0 start: `node ./bin/www`
14 verbose stack Exit status 1
14 verbose stack     at EventEmitter.<anonymous> (/usr/local/lib/node_modules/npm/lib/utils/lifecycle.js:245:16)
14 verbose stack     at EventEmitter.emit (events.js:110:17)
14 verbose stack     at ChildProcess.<anonymous> (/usr/local/lib/node_modules/npm/lib/utils/spawn.js:24:14)
14 verbose stack     at ChildProcess.emit (events.js:110:17)
14 verbose stack     at maybeClose (child_process.js:1015:16)
14 verbose stack     at Process.ChildProcess._handle.onexit (child_process.js:1087:5)
15 verbose pkgid test@0.0.0
16 verbose cwd /Users/sewise/Desktop/project/playWordBuilders
17 error Darwin 15.4.0
18 error argv "node" "/usr/local/bin/npm" "start"
19 error node v0.12.7
20 error npm  v3.9.5
21 error code ELIFECYCLE
22 error test@0.0.0 start: `node ./bin/www`
22 error Exit status 1
23 error Failed at the test@0.0.0 start script 'node ./bin/www'.
23 error Make sure you have the latest version of node.js and npm installed.
23 error If you do, this is most likely a problem with the test package,
23 error not with npm itself.
23 error Tell the author that this fails on your system:
23 error     node ./bin/www
23 error You can get information on how to open an issue for this project with:
23 error     npm bugs test
23 error Or if that isn't available, you can get their info via:
23 error     npm owner ls test
23 error There is likely additional logging output above.
24 verbose exit [ 1, true ]
